{
  "stats": {
    "suites": 12,
    "tests": 41,
    "passes": 19,
    "pending": 0,
    "failures": 22,
    "start": "2021-10-25T20:15:40.880Z",
    "end": "2021-10-25T20:17:26.712Z",
    "duration": 105832,
    "testsRegistered": 41,
    "passPercent": 46.34146341463415,
    "pendingPercent": 0,
    "other": 0,
    "hasOther": false,
    "skipped": 0,
    "hasSkipped": false
  },
  "results": [
    {
      "uuid": "ed3031cd-d8eb-4e6b-86cf-274bbd62bc2e",
      "title": "",
      "fullFile": "cypress/integration/project.spec.js",
      "file": "cypress/integration/project.spec.js",
      "beforeHooks": [],
      "afterHooks": [],
      "tests": [],
      "suites": [
        {
          "uuid": "b21adbd5-ee0b-493f-ba27-e1a4b8c59330",
          "title": "1 - Adicione à página o título \"Paleta de Cores\".",
          "fullFile": "",
          "file": "",
          "beforeHooks": [],
          "afterHooks": [],
          "tests": [
            {
              "title": "Verifica se contém um elemento `h1` com o id `title` com o título correto",
              "fullTitle": "1 - Adicione à página o título \"Paleta de Cores\". Verifica se contém um elemento `h1` com o id `title` com o título correto",
              "timedOut": null,
              "duration": 302,
              "state": "passed",
              "speed": "slow",
              "pass": true,
              "fail": false,
              "pending": false,
              "context": null,
              "code": "cy.get('h1#title').should('contain.text', 'Paleta de Cores');",
              "err": {},
              "uuid": "73d6cb34-ea14-4081-98e8-cada2968445d",
              "parentUUID": "b21adbd5-ee0b-493f-ba27-e1a4b8c59330",
              "isHook": false,
              "skipped": false
            }
          ],
          "suites": [],
          "passes": [
            "73d6cb34-ea14-4081-98e8-cada2968445d"
          ],
          "failures": [],
          "pending": [],
          "skipped": [],
          "duration": 302,
          "root": false,
          "rootEmpty": false,
          "_timeout": 2000
        },
        {
          "uuid": "04629825-3f30-4a07-9d10-89323f7089d8",
          "title": "2 - Adicione à página uma paleta de quatro cores distintas.",
          "fullFile": "",
          "file": "",
          "beforeHooks": [],
          "afterHooks": [],
          "tests": [
            {
              "title": "A paleta de cores deve ser um elemento com `id` denominado `color-palette`",
              "fullTitle": "2 - Adicione à página uma paleta de quatro cores distintas. A paleta de cores deve ser um elemento com `id` denominado `color-palette`",
              "timedOut": null,
              "duration": 77,
              "state": "passed",
              "speed": "slow",
              "pass": true,
              "fail": false,
              "pending": false,
              "context": null,
              "code": "cy.get('#color-palette').should('be.visible');\ncy.get('#color-palette').children('.color');",
              "err": {},
              "uuid": "bc6afb63-51c8-4f7a-8192-657253810aa8",
              "parentUUID": "04629825-3f30-4a07-9d10-89323f7089d8",
              "isHook": false,
              "skipped": false
            },
            {
              "title": "Verifica se cada cor individual da paleta de cores possui a `classe` chamada `color`.",
              "fullTitle": "2 - Adicione à página uma paleta de quatro cores distintas. Verifica se cada cor individual da paleta de cores possui a `classe` chamada `color`.",
              "timedOut": null,
              "duration": 77,
              "state": "passed",
              "speed": "slow",
              "pass": true,
              "fail": false,
              "pending": false,
              "context": null,
              "code": "cy.get('.color').should('have.length', 4).then(function (colors) {\n  for (var i = 0; i < colors.length; i++) {\n    cy.wrap(colors[i]).should('be.visible');\n  }\n});",
              "err": {},
              "uuid": "1f37d485-9b65-4eb3-a019-93941c782455",
              "parentUUID": "04629825-3f30-4a07-9d10-89323f7089d8",
              "isHook": false,
              "skipped": false
            },
            {
              "title": "Verifica se a cor de fundo de cada elemento da paleta é a cor que o elemento representa. **A única cor não permitida na paleta é a cor branca.**",
              "fullTitle": "2 - Adicione à página uma paleta de quatro cores distintas. Verifica se a cor de fundo de cada elemento da paleta é a cor que o elemento representa. **A única cor não permitida na paleta é a cor branca.**",
              "timedOut": null,
              "duration": 93,
              "state": "passed",
              "speed": "slow",
              "pass": true,
              "fail": false,
              "pending": false,
              "context": null,
              "code": "cy.get('.color').each(function (color) {\n  cy.wrap(color).should('have.class', 'color').and('not.have.css', 'background-color', WHITE);\n  cy.wrap(color).should('have.css', 'background-color');\n});",
              "err": {},
              "uuid": "3c1df583-05ec-4923-8cb0-f792a8abe68b",
              "parentUUID": "04629825-3f30-4a07-9d10-89323f7089d8",
              "isHook": false,
              "skipped": false
            },
            {
              "title": "Verifica se cada elemento da paleta de cores tem uma borda preta, sólida e com 1 pixel de largura;",
              "fullTitle": "2 - Adicione à página uma paleta de quatro cores distintas. Verifica se cada elemento da paleta de cores tem uma borda preta, sólida e com 1 pixel de largura;",
              "timedOut": null,
              "duration": 72,
              "state": "passed",
              "speed": "medium",
              "pass": true,
              "fail": false,
              "pending": false,
              "context": null,
              "code": "cy.get('.color').each(function (color) {\n  cy.wrap(color).and('have.css', 'border', \"1px solid \".concat(BLACK)).and('have.class', 'color');\n});",
              "err": {},
              "uuid": "e86e63b4-5b46-453d-b604-7ddac57cfa44",
              "parentUUID": "04629825-3f30-4a07-9d10-89323f7089d8",
              "isHook": false,
              "skipped": false
            },
            {
              "title": "Verifica se a paleta lista todas as cores disponíveis para utilização, lado a lado.",
              "fullTitle": "2 - Adicione à página uma paleta de quatro cores distintas. Verifica se a paleta lista todas as cores disponíveis para utilização, lado a lado.",
              "timedOut": null,
              "duration": 106,
              "state": "passed",
              "speed": "slow",
              "pass": true,
              "fail": false,
              "pending": false,
              "context": null,
              "code": "cy.get('.color').then(function (colors) {\n  for (var index = 1; index < colors.length; index += 1) {\n    var currentColor = colors[index];\n    var previousColor = colors[index - 1];\n    cy.wrap(currentColor).should('be.onTheRightOf', previousColor).and('be.horizontallyAlignedWith', previousColor);\n  }\n});",
              "err": {},
              "uuid": "8a62ca75-07cd-4346-a32d-e8c079c6822e",
              "parentUUID": "04629825-3f30-4a07-9d10-89323f7089d8",
              "isHook": false,
              "skipped": false
            },
            {
              "title": "Verifica se a paleta de cores está posicionada abaixo do título 'Paleta de Cores'",
              "fullTitle": "2 - Adicione à página uma paleta de quatro cores distintas. Verifica se a paleta de cores está posicionada abaixo do título 'Paleta de Cores'",
              "timedOut": null,
              "duration": 113,
              "state": "passed",
              "speed": "slow",
              "pass": true,
              "fail": false,
              "pending": false,
              "context": null,
              "code": "cy.get('h1#title').then(function (title) {\n  cy.get('#color-palette').should('be.belowOf', title);\n});",
              "err": {},
              "uuid": "512976f5-78ea-4c47-91b8-b32ec62138ef",
              "parentUUID": "04629825-3f30-4a07-9d10-89323f7089d8",
              "isHook": false,
              "skipped": false
            },
            {
              "title": "Verifica se a paleta de cores não contém cores repetidas.",
              "fullTitle": "2 - Adicione à página uma paleta de quatro cores distintas. Verifica se a paleta de cores não contém cores repetidas.",
              "timedOut": null,
              "duration": 87,
              "state": "passed",
              "speed": "slow",
              "pass": true,
              "fail": false,
              "pending": false,
              "context": null,
              "code": "cy.get('.color').then(function (colors) {\n  var allColors = Array.from(colors).map(function (color) {\n    return Cypress.$(color).css('background-color');\n  });\n  cy.log(allColors);\n  var uniqColors = (0, _toConsumableArray2[\"default\"])(new Set(allColors));\n  cy.log(uniqColors);\n  expect(allColors.length).to.eq(uniqColors.length);\n});",
              "err": {},
              "uuid": "b76efe43-2f8a-47fd-8e47-9eb923c700d6",
              "parentUUID": "04629825-3f30-4a07-9d10-89323f7089d8",
              "isHook": false,
              "skipped": false
            }
          ],
          "suites": [],
          "passes": [
            "bc6afb63-51c8-4f7a-8192-657253810aa8",
            "1f37d485-9b65-4eb3-a019-93941c782455",
            "3c1df583-05ec-4923-8cb0-f792a8abe68b",
            "e86e63b4-5b46-453d-b604-7ddac57cfa44",
            "8a62ca75-07cd-4346-a32d-e8c079c6822e",
            "512976f5-78ea-4c47-91b8-b32ec62138ef",
            "b76efe43-2f8a-47fd-8e47-9eb923c700d6"
          ],
          "failures": [],
          "pending": [],
          "skipped": [],
          "duration": 625,
          "root": false,
          "rootEmpty": false,
          "_timeout": 2000
        },
        {
          "uuid": "c7571735-f207-4b26-ad07-81816e9a05a3",
          "title": "3 - Adicione a cor **preta** como a primeira cor da paleta de cores.",
          "fullFile": "",
          "file": "",
          "beforeHooks": [],
          "afterHooks": [],
          "tests": [
            {
              "title": "Verifica se a primeira cor da paleta é preta",
              "fullTitle": "3 - Adicione a cor **preta** como a primeira cor da paleta de cores. Verifica se a primeira cor da paleta é preta",
              "timedOut": null,
              "duration": 95,
              "state": "passed",
              "speed": "slow",
              "pass": true,
              "fail": false,
              "pending": false,
              "context": null,
              "code": "cy.get('.color').first().should('have.css', 'background-color', BLACK);",
              "err": {},
              "uuid": "7fb028f6-29cf-4a1c-8e01-e56e2fcd8242",
              "parentUUID": "c7571735-f207-4b26-ad07-81816e9a05a3",
              "isHook": false,
              "skipped": false
            },
            {
              "title": "Verifica se as demais cores podem ser escolhidas livremente.",
              "fullTitle": "3 - Adicione a cor **preta** como a primeira cor da paleta de cores. Verifica se as demais cores podem ser escolhidas livremente.",
              "timedOut": null,
              "duration": 179,
              "state": "passed",
              "speed": "slow",
              "pass": true,
              "fail": false,
              "pending": false,
              "context": null,
              "code": "cy.get('.color').eq(1).should('not.have.css', 'background-color', BLACK);\ncy.get('.color').eq(1).should('not.have.css', 'background-color', WHITE);\ncy.get('.color').eq(1).should('not.have.css', 'background-color', 'rgba(0, 0, 0, 0)');\ncy.get('.color').eq(1).should('have.css', 'background-color');\ncy.get('.color').eq(2).should('not.have.css', 'background-color', BLACK);\ncy.get('.color').eq(2).should('not.have.css', 'background-color', WHITE);\ncy.get('.color').eq(2).should('not.have.css', 'background-color', 'rgba(0, 0, 0, 0)');\ncy.get('.color').eq(2).should('have.css', 'background-color');\ncy.get('.color').eq(3).should('not.have.css', 'background-color', BLACK);\ncy.get('.color').eq(3).should('not.have.css', 'background-color', WHITE);\ncy.get('.color').eq(3).should('not.have.css', 'background-color', 'rgba(0, 0, 0, 0)');\ncy.get('.color').eq(3).should('have.css', 'background-color');",
              "err": {},
              "uuid": "66321f2e-ef99-4073-99dc-2793aca3f581",
              "parentUUID": "c7571735-f207-4b26-ad07-81816e9a05a3",
              "isHook": false,
              "skipped": false
            }
          ],
          "suites": [],
          "passes": [
            "7fb028f6-29cf-4a1c-8e01-e56e2fcd8242",
            "66321f2e-ef99-4073-99dc-2793aca3f581"
          ],
          "failures": [],
          "pending": [],
          "skipped": [],
          "duration": 274,
          "root": false,
          "rootEmpty": false,
          "_timeout": 2000
        },
        {
          "uuid": "4897979d-65c0-4d54-b32f-88fd6c461a6f",
          "title": "4 - Adicione à página um quadro de pixels, com 25 pixels.",
          "fullFile": "",
          "file": "",
          "beforeHooks": [],
          "afterHooks": [],
          "tests": [
            {
              "title": "Verifica se o quadro de pixels possui o `id` denominado `pixel-board`",
              "fullTitle": "4 - Adicione à página um quadro de pixels, com 25 pixels. Verifica se o quadro de pixels possui o `id` denominado `pixel-board`",
              "timedOut": null,
              "duration": 4390,
              "state": "failed",
              "speed": null,
              "pass": false,
              "fail": true,
              "pending": false,
              "context": null,
              "code": "cy.get('#pixel-board').should('be.visible');",
              "err": {
                "message": "CypressError: Timed out retrying: Expected to find element: '#pixel-board', but never found it.",
                "estack": "CypressError: Timed out retrying: Expected to find element: '#pixel-board', but never found it.\n    at cypressErr (http://localhost:55005/__cypress/runner/cypress_runner.js:149934:9)\n    at throwErr (http://localhost:55005/__cypress/runner/cypress_runner.js:149867:11)\n    at Object.throwErrByPath (http://localhost:55005/__cypress/runner/cypress_runner.js:149915:3)\n    at retry (http://localhost:55005/__cypress/runner/cypress_runner.js:144197:19)\n    at onFailFn (http://localhost:55005/__cypress/runner/cypress_runner.js:132448:16)\n    at tryCatcher (http://localhost:55005/__cypress/runner/cypress_runner.js:167415:23)\n    at Promise._settlePromiseFromHandler (http://localhost:55005/__cypress/runner/cypress_runner.js:165351:31)\n    at Promise._settlePromise (http://localhost:55005/__cypress/runner/cypress_runner.js:165408:18)\n    at Promise._settlePromise0 (http://localhost:55005/__cypress/runner/cypress_runner.js:165453:10)\n    at Promise._settlePromises (http://localhost:55005/__cypress/runner/cypress_runner.js:165528:18)\n    at Async../node_modules/bluebird/js/release/async.js.Async._drainQueue (http://localhost:55005/__cypress/runner/cypress_runner.js:162140:16)\n    at Async../node_modules/bluebird/js/release/async.js.Async._drainQueues (http://localhost:55005/__cypress/runner/cypress_runner.js:162150:10)\n    at Async.drainQueues (http://localhost:55005/__cypress/runner/cypress_runner.js:162024:14)",
                "diff": null
              },
              "uuid": "88f49c0b-6997-47a9-afc1-1e8d72c99514",
              "parentUUID": "4897979d-65c0-4d54-b32f-88fd6c461a6f",
              "isHook": false,
              "skipped": false
            },
            {
              "title": "Verifica se cada pixel individual dentro do quadro possui a `classe` denominada `pixel`.",
              "fullTitle": "4 - Adicione à página um quadro de pixels, com 25 pixels. Verifica se cada pixel individual dentro do quadro possui a `classe` denominada `pixel`.",
              "timedOut": null,
              "duration": 184,
              "state": "passed",
              "speed": "slow",
              "pass": true,
              "fail": false,
              "pending": false,
              "context": null,
              "code": "cy.get('.pixel').should('have.length', 25);",
              "err": {},
              "uuid": "64b32b6b-63c0-4065-a03f-41e28450cf0f",
              "parentUUID": "4897979d-65c0-4d54-b32f-88fd6c461a6f",
              "isHook": false,
              "skipped": false
            },
            {
              "title": "Verifica se a cor inicial dos pixels dentro do quadro, ao abrir a página, é branca.",
              "fullTitle": "4 - Adicione à página um quadro de pixels, com 25 pixels. Verifica se a cor inicial dos pixels dentro do quadro, ao abrir a página, é branca.",
              "timedOut": null,
              "duration": 482,
              "state": "failed",
              "speed": null,
              "pass": false,
              "fail": true,
              "pending": false,
              "context": null,
              "code": "cy.get('.pixel').should('have.length', 25).each(function (pixel) {\n  expect(pixel).to.have.css('background-color', WHITE);\n});",
              "err": {
                "message": "AssertionError: expected '<div.pixel>' to have CSS property 'background-color' with the value 'rgb(255, 255, 255)', but the value was 'rgba(0, 0, 0, 0)'",
                "estack": "AssertionError: expected '<div.pixel>' to have CSS property 'background-color' with the value 'rgb(255, 255, 255)', but the value was 'rgba(0, 0, 0, 0)'\n    at callback (http://localhost:55005/__cypress/runner/cypress_runner.js:136947:20)\n    at getRet (http://localhost:55005/__cypress/runner/cypress_runner.js:136585:16)\n    at tryCatcher (http://localhost:55005/__cypress/runner/cypress_runner.js:167415:23)\n    at Function.Promise.attempt.Promise.try (http://localhost:55005/__cypress/runner/cypress_runner.js:164690:29)\n    at thenFn (http://localhost:55005/__cypress/runner/cypress_runner.js:136599:23)\n    at yieldItem (http://localhost:55005/__cypress/runner/cypress_runner.js:136954:16)\n    at tryCatcher (http://localhost:55005/__cypress/runner/cypress_runner.js:167415:23)\n    at Object.gotValue (http://localhost:55005/__cypress/runner/cypress_runner.js:166557:18)\n    at Object.gotAccum (http://localhost:55005/__cypress/runner/cypress_runner.js:166546:25)\n    at Object.tryCatcher (http://localhost:55005/__cypress/runner/cypress_runner.js:167415:23)\n    at Promise._settlePromiseFromHandler (http://localhost:55005/__cypress/runner/cypress_runner.js:165351:31)\n    at Promise._settlePromise (http://localhost:55005/__cypress/runner/cypress_runner.js:165408:18)\n    at Promise._settlePromiseCtx (http://localhost:55005/__cypress/runner/cypress_runner.js:165445:10)\n    at Async../node_modules/bluebird/js/release/async.js.Async._drainQueue (http://localhost:55005/__cypress/runner/cypress_runner.js:162145:12)\n    at Async../node_modules/bluebird/js/release/async.js.Async._drainQueues (http://localhost:55005/__cypress/runner/cypress_runner.js:162150:10)\n    at Async.drainQueues (http://localhost:55005/__cypress/runner/cypress_runner.js:162024:14)",
                "diff": "- 'rgba(0, 0, 0, 0)'\n+ 'rgb(255, 255, 255)'\n"
              },
              "uuid": "8d8923e5-0d88-4e5e-b53a-7fb7ecb76edb",
              "parentUUID": "4897979d-65c0-4d54-b32f-88fd6c461a6f",
              "isHook": false,
              "skipped": false
            },
            {
              "title": "Verifica se o quadro de pixels aparece abaixo da paleta de cores",
              "fullTitle": "4 - Adicione à página um quadro de pixels, com 25 pixels. Verifica se o quadro de pixels aparece abaixo da paleta de cores",
              "timedOut": null,
              "duration": 4388,
              "state": "failed",
              "speed": null,
              "pass": false,
              "fail": true,
              "pending": false,
              "context": null,
              "code": "cy.get('#color-palette').then(function (palette) {\n  cy.get('#pixel-board').should('be.belowOf', palette);\n});",
              "err": {
                "message": "CypressError: Timed out retrying: Expected to find element: '#pixel-board', but never found it.",
                "estack": "CypressError: Timed out retrying: Expected to find element: '#pixel-board', but never found it.\n    at cypressErr (http://localhost:55005/__cypress/runner/cypress_runner.js:149934:9)\n    at throwErr (http://localhost:55005/__cypress/runner/cypress_runner.js:149867:11)\n    at Object.throwErrByPath (http://localhost:55005/__cypress/runner/cypress_runner.js:149915:3)\n    at retry (http://localhost:55005/__cypress/runner/cypress_runner.js:144197:19)\n    at onFailFn (http://localhost:55005/__cypress/runner/cypress_runner.js:132448:16)\n    at tryCatcher (http://localhost:55005/__cypress/runner/cypress_runner.js:167415:23)\n    at Promise._settlePromiseFromHandler (http://localhost:55005/__cypress/runner/cypress_runner.js:165351:31)\n    at Promise._settlePromise (http://localhost:55005/__cypress/runner/cypress_runner.js:165408:18)\n    at Promise._settlePromise0 (http://localhost:55005/__cypress/runner/cypress_runner.js:165453:10)\n    at Promise._settlePromises (http://localhost:55005/__cypress/runner/cypress_runner.js:165528:18)\n    at Async../node_modules/bluebird/js/release/async.js.Async._drainQueue (http://localhost:55005/__cypress/runner/cypress_runner.js:162140:16)\n    at Async../node_modules/bluebird/js/release/async.js.Async._drainQueues (http://localhost:55005/__cypress/runner/cypress_runner.js:162150:10)\n    at Async.drainQueues (http://localhost:55005/__cypress/runner/cypress_runner.js:162024:14)",
                "diff": null
              },
              "uuid": "db22c4bc-c00c-4d4f-b944-f1010472295f",
              "parentUUID": "4897979d-65c0-4d54-b32f-88fd6c461a6f",
              "isHook": false,
              "skipped": false
            }
          ],
          "suites": [],
          "passes": [
            "64b32b6b-63c0-4065-a03f-41e28450cf0f"
          ],
          "failures": [
            "88f49c0b-6997-47a9-afc1-1e8d72c99514",
            "8d8923e5-0d88-4e5e-b53a-7fb7ecb76edb",
            "db22c4bc-c00c-4d4f-b944-f1010472295f"
          ],
          "pending": [],
          "skipped": [],
          "duration": 9444,
          "root": false,
          "rootEmpty": false,
          "_timeout": 2000
        },
        {
          "uuid": "13094d3c-da66-406f-b36f-76da9ed9ffc5",
          "title": "5 - Faça com que cada elemento do quadro de pixels possua 40 pixels de largura, 40 pixels de altura e seja delimitado por uma borda preta de 1 pixel.",
          "fullFile": "",
          "file": "",
          "beforeHooks": [],
          "afterHooks": [],
          "tests": [
            {
              "title": "Verifica se o quadro de pixels tem altura e comprimento de 5 elementos",
              "fullTitle": "5 - Faça com que cada elemento do quadro de pixels possua 40 pixels de largura, 40 pixels de altura e seja delimitado por uma borda preta de 1 pixel. Verifica se o quadro de pixels tem altura e comprimento de 5 elementos",
              "timedOut": null,
              "duration": 488,
              "state": "failed",
              "speed": null,
              "pass": false,
              "fail": true,
              "pending": false,
              "context": null,
              "code": "cy.get('.pixel').should('have.length', 25).each(function (pixel) {\n  expect(pixel).to.have.css('background-color', WHITE);\n}).and(function (pixels) {\n  var rows = chunk(pixels, 5);\n  rows.forEach(function (row) {\n    for (var index = 1; index < row.length; index += 1) {\n      var current = pixels[index];\n      var previous = pixels[index - 1];\n      cy.wrap(current).should('be.onTheRightOf', previous).and('be.horizontallyAlignedWith', previous);\n    }\n  });\n  for (var index = 1; index < 5; index += 1) {\n    expect(pixels[index * 5]).to.be.belowOf(pixels[(index - 1) * 5]);\n  }\n});",
              "err": {
                "message": "AssertionError: expected '<div.pixel>' to have CSS property 'background-color' with the value 'rgb(255, 255, 255)', but the value was 'rgba(0, 0, 0, 0)'",
                "estack": "AssertionError: expected '<div.pixel>' to have CSS property 'background-color' with the value 'rgb(255, 255, 255)', but the value was 'rgba(0, 0, 0, 0)'\n    at callback (http://localhost:55005/__cypress/runner/cypress_runner.js:136947:20)\n    at getRet (http://localhost:55005/__cypress/runner/cypress_runner.js:136585:16)\n    at tryCatcher (http://localhost:55005/__cypress/runner/cypress_runner.js:167415:23)\n    at Function.Promise.attempt.Promise.try (http://localhost:55005/__cypress/runner/cypress_runner.js:164690:29)\n    at thenFn (http://localhost:55005/__cypress/runner/cypress_runner.js:136599:23)\n    at yieldItem (http://localhost:55005/__cypress/runner/cypress_runner.js:136954:16)\n    at tryCatcher (http://localhost:55005/__cypress/runner/cypress_runner.js:167415:23)\n    at Object.gotValue (http://localhost:55005/__cypress/runner/cypress_runner.js:166557:18)\n    at Object.gotAccum (http://localhost:55005/__cypress/runner/cypress_runner.js:166546:25)\n    at Object.tryCatcher (http://localhost:55005/__cypress/runner/cypress_runner.js:167415:23)\n    at Promise._settlePromiseFromHandler (http://localhost:55005/__cypress/runner/cypress_runner.js:165351:31)\n    at Promise._settlePromise (http://localhost:55005/__cypress/runner/cypress_runner.js:165408:18)\n    at Promise._settlePromiseCtx (http://localhost:55005/__cypress/runner/cypress_runner.js:165445:10)\n    at Async../node_modules/bluebird/js/release/async.js.Async._drainQueue (http://localhost:55005/__cypress/runner/cypress_runner.js:162145:12)\n    at Async../node_modules/bluebird/js/release/async.js.Async._drainQueues (http://localhost:55005/__cypress/runner/cypress_runner.js:162150:10)\n    at Async.drainQueues (http://localhost:55005/__cypress/runner/cypress_runner.js:162024:14)",
                "diff": "- 'rgba(0, 0, 0, 0)'\n+ 'rgb(255, 255, 255)'\n"
              },
              "uuid": "e82f1147-4539-4d2d-afb1-f5235311ef49",
              "parentUUID": "13094d3c-da66-406f-b36f-76da9ed9ffc5",
              "isHook": false,
              "skipped": false
            },
            {
              "title": "Verifica se 40 pixels é o tamanho total do elemento, incluindo seu conteúdo e excluindo a borda preta, que deve ser criada à parte.",
              "fullTitle": "5 - Faça com que cada elemento do quadro de pixels possua 40 pixels de largura, 40 pixels de altura e seja delimitado por uma borda preta de 1 pixel. Verifica se 40 pixels é o tamanho total do elemento, incluindo seu conteúdo e excluindo a borda preta, que deve ser criada à parte.",
              "timedOut": null,
              "duration": 254,
              "state": "passed",
              "speed": "slow",
              "pass": true,
              "fail": false,
              "pending": false,
              "context": null,
              "code": "cy.get('.pixel').each(function (pixel) {\n  cy.wrap(pixel).should('have.css', 'height', '40px').and('have.css', 'width', '40px').and('have.css', 'border', \"1px solid \".concat(BLACK));\n});",
              "err": {},
              "uuid": "b6a8abd2-9012-47a8-a281-e05f87ec7a8c",
              "parentUUID": "13094d3c-da66-406f-b36f-76da9ed9ffc5",
              "isHook": false,
              "skipped": false
            }
          ],
          "suites": [],
          "passes": [
            "b6a8abd2-9012-47a8-a281-e05f87ec7a8c"
          ],
          "failures": [
            "e82f1147-4539-4d2d-afb1-f5235311ef49"
          ],
          "pending": [],
          "skipped": [],
          "duration": 742,
          "root": false,
          "rootEmpty": false,
          "_timeout": 2000
        },
        {
          "uuid": "8e985bc5-26e8-477d-affc-37ccd0c3831c",
          "title": "6 - Defina a cor preta como cor inicial. Ao carregar a página a cor preta já deve estar selecionada para pintar os pixels",
          "fullFile": "",
          "file": "",
          "beforeHooks": [],
          "afterHooks": [],
          "tests": [
            {
              "title": "Verifica se o elemento da cor preta possui, inicialmente, a `classe` `selected`",
              "fullTitle": "6 - Defina a cor preta como cor inicial. Ao carregar a página a cor preta já deve estar selecionada para pintar os pixels Verifica se o elemento da cor preta possui, inicialmente, a `classe` `selected`",
              "timedOut": null,
              "duration": 97,
              "state": "passed",
              "speed": "slow",
              "pass": true,
              "fail": false,
              "pending": false,
              "context": null,
              "code": "cy.get('.selected').first().should('have.css', 'background-color', BLACK);",
              "err": {},
              "uuid": "93a39013-2488-48a0-9c0b-4e726b85374f",
              "parentUUID": "8e985bc5-26e8-477d-affc-37ccd0c3831c",
              "isHook": false,
              "skipped": false
            },
            {
              "title": "Verifica se nenhuma outra cor da paleta tem a `classe` `selected`",
              "fullTitle": "6 - Defina a cor preta como cor inicial. Ao carregar a página a cor preta já deve estar selecionada para pintar os pixels Verifica se nenhuma outra cor da paleta tem a `classe` `selected`",
              "timedOut": null,
              "duration": 55,
              "state": "passed",
              "speed": "medium",
              "pass": true,
              "fail": false,
              "pending": false,
              "context": null,
              "code": "cy.get('.color:not(:first-child)').each(function (color) {\n  cy.wrap(color).should('not.have.class', 'selected');\n});",
              "err": {},
              "uuid": "26681a9a-2013-4bbc-8b66-2a6cec3438cb",
              "parentUUID": "8e985bc5-26e8-477d-affc-37ccd0c3831c",
              "isHook": false,
              "skipped": false
            }
          ],
          "suites": [],
          "passes": [
            "93a39013-2488-48a0-9c0b-4e726b85374f",
            "26681a9a-2013-4bbc-8b66-2a6cec3438cb"
          ],
          "failures": [],
          "pending": [],
          "skipped": [],
          "duration": 152,
          "root": false,
          "rootEmpty": false,
          "_timeout": 2000
        },
        {
          "uuid": "a636e0e2-1c5e-4f86-a994-363fe39ff1ab",
          "title": "7 - Clicar em uma das cores da paleta, faz com que ela seja selecionada e utilizada para preencher os pixels no quadro.",
          "fullFile": "",
          "file": "",
          "beforeHooks": [],
          "afterHooks": [],
          "tests": [
            {
              "title": "Verifica se somente uma cor da paleta de cores tem a classe `selected` de cada vez",
              "fullTitle": "7 - Clicar em uma das cores da paleta, faz com que ela seja selecionada e utilizada para preencher os pixels no quadro. Verifica se somente uma cor da paleta de cores tem a classe `selected` de cada vez",
              "timedOut": null,
              "duration": 400,
              "state": "passed",
              "speed": "slow",
              "pass": true,
              "fail": false,
              "pending": false,
              "context": null,
              "code": "cy.get('.color').each(function (selectedColor, selectedColorIndex) {\n  cy.wrap(selectedColor).click();\n  cy.get('.color').each(function (color, colorIndex) {\n    if (colorIndex === selectedColorIndex) {\n      expect(color).to.have[\"class\"]('selected');\n    } else {\n      expect(color).not.to.have[\"class\"]('selected');\n    }\n  });\n});",
              "err": {},
              "uuid": "ad009464-e886-4cef-9b0a-39444dd70624",
              "parentUUID": "a636e0e2-1c5e-4f86-a994-363fe39ff1ab",
              "isHook": false,
              "skipped": false
            },
            {
              "title": "Verifica se os pixels dentro do quadro não têm a classe `selected` quando são clicados",
              "fullTitle": "7 - Clicar em uma das cores da paleta, faz com que ela seja selecionada e utilizada para preencher os pixels no quadro. Verifica se os pixels dentro do quadro não têm a classe `selected` quando são clicados",
              "timedOut": null,
              "duration": 8113,
              "state": "passed",
              "speed": "slow",
              "pass": true,
              "fail": false,
              "pending": false,
              "context": null,
              "code": "cy.get('.color').each(function (color) {\n  var backgroundColor = color.css('background-color');\n  cy.wrap(color).click();\n  cy.get('.pixel').each(function (pixel) {\n    cy.wrap(pixel).click().should('not.have.class', 'selected');\n  });\n});",
              "err": {},
              "uuid": "cb49120c-18fd-4135-b4b9-c35d4b2047bc",
              "parentUUID": "a636e0e2-1c5e-4f86-a994-363fe39ff1ab",
              "isHook": false,
              "skipped": false
            }
          ],
          "suites": [],
          "passes": [
            "ad009464-e886-4cef-9b0a-39444dd70624",
            "cb49120c-18fd-4135-b4b9-c35d4b2047bc"
          ],
          "failures": [],
          "pending": [],
          "skipped": [],
          "duration": 8513,
          "root": false,
          "rootEmpty": false,
          "_timeout": 2000
        },
        {
          "uuid": "fc7f1b37-18dc-4ccc-8329-8a4bc6049330",
          "title": "8 - Clicar em um pixel dentro do quadro após selecionar uma cor na paleta, faz com que o pixel seja preenchido com a cor selecionada.",
          "fullFile": "",
          "file": "",
          "beforeHooks": [],
          "afterHooks": [],
          "tests": [
            {
              "title": "Verifica se ao carregar a página deve ser possível pintar os pixels de preto",
              "fullTitle": "8 - Clicar em um pixel dentro do quadro após selecionar uma cor na paleta, faz com que o pixel seja preenchido com a cor selecionada. Verifica se ao carregar a página deve ser possível pintar os pixels de preto",
              "timedOut": null,
              "duration": 2038,
              "state": "passed",
              "speed": "slow",
              "pass": true,
              "fail": false,
              "pending": false,
              "context": null,
              "code": "cy.get('.pixel').each(function (pixel) {\n  cy.wrap(pixel).click().should('have.css', 'background-color', BLACK);\n});",
              "err": {},
              "uuid": "21554d07-71e5-459a-8cc9-5d2322823384",
              "parentUUID": "fc7f1b37-18dc-4ccc-8329-8a4bc6049330",
              "isHook": false,
              "skipped": false
            },
            {
              "title": "Verifica se após selecionar uma outra cor na paleta, é possível pintar os pixels com essa cor",
              "fullTitle": "8 - Clicar em um pixel dentro do quadro após selecionar uma cor na paleta, faz com que o pixel seja preenchido com a cor selecionada. Verifica se após selecionar uma outra cor na paleta, é possível pintar os pixels com essa cor",
              "timedOut": null,
              "duration": 8102,
              "state": "passed",
              "speed": "slow",
              "pass": true,
              "fail": false,
              "pending": false,
              "context": null,
              "code": "cy.get('.color').each(function (color) {\n  var backgroundColor = color.css('background-color');\n  cy.wrap(color).click();\n  cy.get('.pixel').each(function (pixel) {\n    cy.wrap(pixel).click().should('have.css', 'background-color', backgroundColor);\n  });\n});",
              "err": {},
              "uuid": "d26cf95c-d62e-4787-8c42-19d57968a6f2",
              "parentUUID": "fc7f1b37-18dc-4ccc-8329-8a4bc6049330",
              "isHook": false,
              "skipped": false
            },
            {
              "title": "Verifica se somente o pixel que foi clicado foi preenchido com a cor selecionada, sem influenciar na cor dos demais pixels.",
              "fullTitle": "8 - Clicar em um pixel dentro do quadro após selecionar uma cor na paleta, faz com que o pixel seja preenchido com a cor selecionada. Verifica se somente o pixel que foi clicado foi preenchido com a cor selecionada, sem influenciar na cor dos demais pixels.",
              "timedOut": null,
              "duration": 1130,
              "state": "passed",
              "speed": "slow",
              "pass": true,
              "fail": false,
              "pending": false,
              "context": null,
              "code": "var colorToPixelIndexMap = {\n  0: 6,\n  1: 8,\n  2: 16,\n  3: 18\n};\ncy.get('.color').each(function (color, index) {\n  cy.wrap(color).click();\n  var backgroundColor = color.css('background-color');\n  var clickedPixelIndex = colorToPixelIndexMap[index];\n  cy.get('.pixel').eq(clickedPixelIndex).click();\n  cy.get('.pixel').eq(clickedPixelIndex - 1).should('not.have.css', 'background-color', backgroundColor);\n  cy.get('.pixel').eq(clickedPixelIndex + 1).should('not.have.css', 'background-color', backgroundColor);\n  cy.get('.pixel').eq(clickedPixelIndex - 5).should('not.have.css', 'background-color', backgroundColor);\n  cy.get('.pixel').eq(clickedPixelIndex + 5).should('not.have.css', 'background-color', backgroundColor);\n  cy.get('.pixel').eq(clickedPixelIndex - 6).should('not.have.css', 'background-color', backgroundColor);\n  cy.get('.pixel').eq(clickedPixelIndex - 4).should('not.have.css', 'background-color', backgroundColor);\n  cy.get('.pixel').eq(clickedPixelIndex + 4).should('not.have.css', 'background-color', backgroundColor);\n  cy.get('.pixel').eq(clickedPixelIndex + 6).should('not.have.css', 'background-color', backgroundColor);\n});",
              "err": {},
              "uuid": "fb1b99a8-e732-4b55-bf05-3480a34a7647",
              "parentUUID": "fc7f1b37-18dc-4ccc-8329-8a4bc6049330",
              "isHook": false,
              "skipped": false
            }
          ],
          "suites": [],
          "passes": [
            "21554d07-71e5-459a-8cc9-5d2322823384",
            "d26cf95c-d62e-4787-8c42-19d57968a6f2",
            "fb1b99a8-e732-4b55-bf05-3480a34a7647"
          ],
          "failures": [],
          "pending": [],
          "skipped": [],
          "duration": 11270,
          "root": false,
          "rootEmpty": false,
          "_timeout": 2000
        },
        {
          "uuid": "96cf85aa-9f8f-4aa4-ada0-fe47d2a4de4d",
          "title": "9 - Crie um botão que, ao ser clicado, limpa o quadro preenchendo a cor de todos seus pixels com branco.",
          "fullFile": "",
          "file": "",
          "beforeHooks": [],
          "afterHooks": [],
          "tests": [
            {
              "title": "Verifica se o botão tem o `id` denominado `clear-board`",
              "fullTitle": "9 - Crie um botão que, ao ser clicado, limpa o quadro preenchendo a cor de todos seus pixels com branco. Verifica se o botão tem o `id` denominado `clear-board`",
              "timedOut": null,
              "duration": 4379,
              "state": "failed",
              "speed": null,
              "pass": false,
              "fail": true,
              "pending": false,
              "context": null,
              "code": "cy.get('#clear-board').should('be.visible');",
              "err": {
                "message": "CypressError: Timed out retrying: Expected to find element: '#clear-board', but never found it.",
                "estack": "CypressError: Timed out retrying: Expected to find element: '#clear-board', but never found it.\n    at cypressErr (http://localhost:55005/__cypress/runner/cypress_runner.js:149934:9)\n    at throwErr (http://localhost:55005/__cypress/runner/cypress_runner.js:149867:11)\n    at Object.throwErrByPath (http://localhost:55005/__cypress/runner/cypress_runner.js:149915:3)\n    at retry (http://localhost:55005/__cypress/runner/cypress_runner.js:144197:19)\n    at onFailFn (http://localhost:55005/__cypress/runner/cypress_runner.js:132448:16)\n    at tryCatcher (http://localhost:55005/__cypress/runner/cypress_runner.js:167415:23)\n    at Promise._settlePromiseFromHandler (http://localhost:55005/__cypress/runner/cypress_runner.js:165351:31)\n    at Promise._settlePromise (http://localhost:55005/__cypress/runner/cypress_runner.js:165408:18)\n    at Promise._settlePromise0 (http://localhost:55005/__cypress/runner/cypress_runner.js:165453:10)\n    at Promise._settlePromises (http://localhost:55005/__cypress/runner/cypress_runner.js:165528:18)\n    at Async../node_modules/bluebird/js/release/async.js.Async._drainQueue (http://localhost:55005/__cypress/runner/cypress_runner.js:162140:16)\n    at Async../node_modules/bluebird/js/release/async.js.Async._drainQueues (http://localhost:55005/__cypress/runner/cypress_runner.js:162150:10)\n    at Async.drainQueues (http://localhost:55005/__cypress/runner/cypress_runner.js:162024:14)",
                "diff": null
              },
              "uuid": "2afa2253-1431-4ae9-9fd6-d73658211a63",
              "parentUUID": "96cf85aa-9f8f-4aa4-ada0-fe47d2a4de4d",
              "isHook": false,
              "skipped": false
            },
            {
              "title": "Verifica se o botão está posicionado entre a paleta de cores e o quadro de pixels",
              "fullTitle": "9 - Crie um botão que, ao ser clicado, limpa o quadro preenchendo a cor de todos seus pixels com branco. Verifica se o botão está posicionado entre a paleta de cores e o quadro de pixels",
              "timedOut": null,
              "duration": 4405,
              "state": "failed",
              "speed": null,
              "pass": false,
              "fail": true,
              "pending": false,
              "context": null,
              "code": "cy.get('#color-palette').then(function (palette) {\n  cy.get('#clear-board').should('be.belowOf', palette);\n});\ncy.get('#clear-board').then(function (clearBtn) {\n  cy.get('#pixel-board').should('be.belowOf', clearBtn);\n});",
              "err": {
                "message": "CypressError: Timed out retrying: Expected to find element: '#clear-board', but never found it.",
                "estack": "CypressError: Timed out retrying: Expected to find element: '#clear-board', but never found it.\n    at cypressErr (http://localhost:55005/__cypress/runner/cypress_runner.js:149934:9)\n    at throwErr (http://localhost:55005/__cypress/runner/cypress_runner.js:149867:11)\n    at Object.throwErrByPath (http://localhost:55005/__cypress/runner/cypress_runner.js:149915:3)\n    at retry (http://localhost:55005/__cypress/runner/cypress_runner.js:144197:19)\n    at onFailFn (http://localhost:55005/__cypress/runner/cypress_runner.js:132448:16)\n    at tryCatcher (http://localhost:55005/__cypress/runner/cypress_runner.js:167415:23)\n    at Promise._settlePromiseFromHandler (http://localhost:55005/__cypress/runner/cypress_runner.js:165351:31)\n    at Promise._settlePromise (http://localhost:55005/__cypress/runner/cypress_runner.js:165408:18)\n    at Promise._settlePromise0 (http://localhost:55005/__cypress/runner/cypress_runner.js:165453:10)\n    at Promise._settlePromises (http://localhost:55005/__cypress/runner/cypress_runner.js:165528:18)\n    at Async../node_modules/bluebird/js/release/async.js.Async._drainQueue (http://localhost:55005/__cypress/runner/cypress_runner.js:162140:16)\n    at Async../node_modules/bluebird/js/release/async.js.Async._drainQueues (http://localhost:55005/__cypress/runner/cypress_runner.js:162150:10)\n    at Async.drainQueues (http://localhost:55005/__cypress/runner/cypress_runner.js:162024:14)",
                "diff": null
              },
              "uuid": "190756bd-f1dd-4675-be1f-377f2d7572a2",
              "parentUUID": "96cf85aa-9f8f-4aa4-ada0-fe47d2a4de4d",
              "isHook": false,
              "skipped": false
            },
            {
              "title": "Verifica se o texto do botão é 'Limpar'",
              "fullTitle": "9 - Crie um botão que, ao ser clicado, limpa o quadro preenchendo a cor de todos seus pixels com branco. Verifica se o texto do botão é 'Limpar'",
              "timedOut": null,
              "duration": 4403,
              "state": "failed",
              "speed": null,
              "pass": false,
              "fail": true,
              "pending": false,
              "context": null,
              "code": "cy.get('#clear-board').should('contain.text', 'Limpar');",
              "err": {
                "message": "CypressError: Timed out retrying: Expected to find element: '#clear-board', but never found it.",
                "estack": "CypressError: Timed out retrying: Expected to find element: '#clear-board', but never found it.\n    at cypressErr (http://localhost:55005/__cypress/runner/cypress_runner.js:149934:9)\n    at throwErr (http://localhost:55005/__cypress/runner/cypress_runner.js:149867:11)\n    at Object.throwErrByPath (http://localhost:55005/__cypress/runner/cypress_runner.js:149915:3)\n    at retry (http://localhost:55005/__cypress/runner/cypress_runner.js:144197:19)\n    at onFailFn (http://localhost:55005/__cypress/runner/cypress_runner.js:132448:16)\n    at tryCatcher (http://localhost:55005/__cypress/runner/cypress_runner.js:167415:23)\n    at Promise._settlePromiseFromHandler (http://localhost:55005/__cypress/runner/cypress_runner.js:165351:31)\n    at Promise._settlePromise (http://localhost:55005/__cypress/runner/cypress_runner.js:165408:18)\n    at Promise._settlePromise0 (http://localhost:55005/__cypress/runner/cypress_runner.js:165453:10)\n    at Promise._settlePromises (http://localhost:55005/__cypress/runner/cypress_runner.js:165528:18)\n    at Async../node_modules/bluebird/js/release/async.js.Async._drainQueue (http://localhost:55005/__cypress/runner/cypress_runner.js:162140:16)\n    at Async../node_modules/bluebird/js/release/async.js.Async._drainQueues (http://localhost:55005/__cypress/runner/cypress_runner.js:162150:10)\n    at Async.drainQueues (http://localhost:55005/__cypress/runner/cypress_runner.js:162024:14)",
                "diff": null
              },
              "uuid": "7380b6ce-00f6-4653-b98a-7503db6c0ad0",
              "parentUUID": "96cf85aa-9f8f-4aa4-ada0-fe47d2a4de4d",
              "isHook": false,
              "skipped": false
            },
            {
              "title": "Verifica se ao clicar no botão, o quadro de pixels é totalmente preenchido de branco",
              "fullTitle": "9 - Crie um botão que, ao ser clicado, limpa o quadro preenchendo a cor de todos seus pixels com branco. Verifica se ao clicar no botão, o quadro de pixels é totalmente preenchido de branco",
              "timedOut": null,
              "duration": 6442,
              "state": "failed",
              "speed": null,
              "pass": false,
              "fail": true,
              "pending": false,
              "context": null,
              "code": "cy.get('.color').eq(1).then(function (color) {\n  var backgroundColor = color.css('background-color');\n  cy.wrap(color).click();\n  cy.get('.pixel').each(function (pixel) {\n    cy.wrap(pixel).click().should('have.css', 'background-color', backgroundColor);\n  });\n});\ncy.get('#clear-board').click();\ncy.get('.pixel').each(function (pixel) {\n  cy.wrap(pixel).should('have.css', 'background-color', WHITE);\n});",
              "err": {
                "message": "CypressError: Timed out retrying: Expected to find element: '#clear-board', but never found it.",
                "estack": "CypressError: Timed out retrying: Expected to find element: '#clear-board', but never found it.\n    at cypressErr (http://localhost:55005/__cypress/runner/cypress_runner.js:149934:9)\n    at throwErr (http://localhost:55005/__cypress/runner/cypress_runner.js:149867:11)\n    at Object.throwErrByPath (http://localhost:55005/__cypress/runner/cypress_runner.js:149915:3)\n    at retry (http://localhost:55005/__cypress/runner/cypress_runner.js:144197:19)\n    at onFailFn (http://localhost:55005/__cypress/runner/cypress_runner.js:132448:16)\n    at tryCatcher (http://localhost:55005/__cypress/runner/cypress_runner.js:167415:23)\n    at Promise._settlePromiseFromHandler (http://localhost:55005/__cypress/runner/cypress_runner.js:165351:31)\n    at Promise._settlePromise (http://localhost:55005/__cypress/runner/cypress_runner.js:165408:18)\n    at Promise._settlePromise0 (http://localhost:55005/__cypress/runner/cypress_runner.js:165453:10)\n    at Promise._settlePromises (http://localhost:55005/__cypress/runner/cypress_runner.js:165528:18)\n    at Async../node_modules/bluebird/js/release/async.js.Async._drainQueue (http://localhost:55005/__cypress/runner/cypress_runner.js:162140:16)\n    at Async../node_modules/bluebird/js/release/async.js.Async._drainQueues (http://localhost:55005/__cypress/runner/cypress_runner.js:162150:10)\n    at Async.drainQueues (http://localhost:55005/__cypress/runner/cypress_runner.js:162024:14)",
                "diff": null
              },
              "uuid": "773af255-f3b0-4a35-899c-55faa98bdf3f",
              "parentUUID": "96cf85aa-9f8f-4aa4-ada0-fe47d2a4de4d",
              "isHook": false,
              "skipped": false
            }
          ],
          "suites": [],
          "passes": [],
          "failures": [
            "2afa2253-1431-4ae9-9fd6-d73658211a63",
            "190756bd-f1dd-4675-be1f-377f2d7572a2",
            "7380b6ce-00f6-4653-b98a-7503db6c0ad0",
            "773af255-f3b0-4a35-899c-55faa98bdf3f"
          ],
          "pending": [],
          "skipped": [],
          "duration": 19629,
          "root": false,
          "rootEmpty": false,
          "_timeout": 2000
        },
        {
          "uuid": "1ab3b1ec-8da3-4951-84c3-ff3bdefc2602",
          "title": "10 - Faça o quadro de pixels ter seu tamanho definido pelo usuário.",
          "fullFile": "",
          "file": "",
          "beforeHooks": [],
          "afterHooks": [],
          "tests": [
            {
              "title": "Verifica se existe um input com o id `board-size`",
              "fullTitle": "10 - Faça o quadro de pixels ter seu tamanho definido pelo usuário. Verifica se existe um input com o id `board-size`",
              "timedOut": null,
              "duration": 4458,
              "state": "failed",
              "speed": null,
              "pass": false,
              "fail": true,
              "pending": false,
              "context": null,
              "code": "cy.get('#board-size').should('be.visible');",
              "err": {
                "message": "CypressError: Timed out retrying: Expected to find element: '#board-size', but never found it.",
                "estack": "CypressError: Timed out retrying: Expected to find element: '#board-size', but never found it.\n    at cypressErr (http://localhost:55005/__cypress/runner/cypress_runner.js:149934:9)\n    at throwErr (http://localhost:55005/__cypress/runner/cypress_runner.js:149867:11)\n    at Object.throwErrByPath (http://localhost:55005/__cypress/runner/cypress_runner.js:149915:3)\n    at retry (http://localhost:55005/__cypress/runner/cypress_runner.js:144197:19)\n    at onFailFn (http://localhost:55005/__cypress/runner/cypress_runner.js:132448:16)\n    at tryCatcher (http://localhost:55005/__cypress/runner/cypress_runner.js:167415:23)\n    at Promise._settlePromiseFromHandler (http://localhost:55005/__cypress/runner/cypress_runner.js:165351:31)\n    at Promise._settlePromise (http://localhost:55005/__cypress/runner/cypress_runner.js:165408:18)\n    at Promise._settlePromise0 (http://localhost:55005/__cypress/runner/cypress_runner.js:165453:10)\n    at Promise._settlePromises (http://localhost:55005/__cypress/runner/cypress_runner.js:165528:18)\n    at Async../node_modules/bluebird/js/release/async.js.Async._drainQueue (http://localhost:55005/__cypress/runner/cypress_runner.js:162140:16)\n    at Async../node_modules/bluebird/js/release/async.js.Async._drainQueues (http://localhost:55005/__cypress/runner/cypress_runner.js:162150:10)\n    at Async.drainQueues (http://localhost:55005/__cypress/runner/cypress_runner.js:162024:14)",
                "diff": null
              },
              "uuid": "9437b25e-cc1e-43e3-a8dc-77ad06cd6d6d",
              "parentUUID": "1ab3b1ec-8da3-4951-84c3-ff3bdefc2602",
              "isHook": false,
              "skipped": false
            },
            {
              "title": "Verifica se existe um botão com o id `generate-board`",
              "fullTitle": "10 - Faça o quadro de pixels ter seu tamanho definido pelo usuário. Verifica se existe um botão com o id `generate-board`",
              "timedOut": null,
              "duration": 4426,
              "state": "failed",
              "speed": null,
              "pass": false,
              "fail": true,
              "pending": false,
              "context": null,
              "code": "cy.get('#generate-board').should('be.visible');",
              "err": {
                "message": "CypressError: Timed out retrying: Expected to find element: '#generate-board', but never found it.",
                "estack": "CypressError: Timed out retrying: Expected to find element: '#generate-board', but never found it.\n    at cypressErr (http://localhost:55005/__cypress/runner/cypress_runner.js:149934:9)\n    at throwErr (http://localhost:55005/__cypress/runner/cypress_runner.js:149867:11)\n    at Object.throwErrByPath (http://localhost:55005/__cypress/runner/cypress_runner.js:149915:3)\n    at retry (http://localhost:55005/__cypress/runner/cypress_runner.js:144197:19)\n    at onFailFn (http://localhost:55005/__cypress/runner/cypress_runner.js:132448:16)\n    at tryCatcher (http://localhost:55005/__cypress/runner/cypress_runner.js:167415:23)\n    at Promise._settlePromiseFromHandler (http://localhost:55005/__cypress/runner/cypress_runner.js:165351:31)\n    at Promise._settlePromise (http://localhost:55005/__cypress/runner/cypress_runner.js:165408:18)\n    at Promise._settlePromise0 (http://localhost:55005/__cypress/runner/cypress_runner.js:165453:10)\n    at Promise._settlePromises (http://localhost:55005/__cypress/runner/cypress_runner.js:165528:18)\n    at Async../node_modules/bluebird/js/release/async.js.Async._drainQueue (http://localhost:55005/__cypress/runner/cypress_runner.js:162140:16)\n    at Async../node_modules/bluebird/js/release/async.js.Async._drainQueues (http://localhost:55005/__cypress/runner/cypress_runner.js:162150:10)\n    at Async.drainQueues (http://localhost:55005/__cypress/runner/cypress_runner.js:162024:14)",
                "diff": null
              },
              "uuid": "52262c31-cfc9-467b-91a8-29fbcab4cdba",
              "parentUUID": "1ab3b1ec-8da3-4951-84c3-ff3bdefc2602",
              "isHook": false,
              "skipped": false
            },
            {
              "title": "Verifica se o input só aceita número maiores que zero. Essa restrição deve ser feita usando os atributos do elemento `input`",
              "fullTitle": "10 - Faça o quadro de pixels ter seu tamanho definido pelo usuário. Verifica se o input só aceita número maiores que zero. Essa restrição deve ser feita usando os atributos do elemento `input`",
              "timedOut": null,
              "duration": 4400,
              "state": "failed",
              "speed": null,
              "pass": false,
              "fail": true,
              "pending": false,
              "context": null,
              "code": "cy.get('#board-size[type=\\'number\\'][min=\\'1\\']');",
              "err": {
                "message": "CypressError: Timed out retrying: Expected to find element: '#board-size[type='number'][min='1']', but never found it.",
                "estack": "CypressError: Timed out retrying: Expected to find element: '#board-size[type='number'][min='1']', but never found it.\n    at cypressErr (http://localhost:55005/__cypress/runner/cypress_runner.js:149934:9)\n    at throwErr (http://localhost:55005/__cypress/runner/cypress_runner.js:149867:11)\n    at Object.throwErrByPath (http://localhost:55005/__cypress/runner/cypress_runner.js:149915:3)\n    at retry (http://localhost:55005/__cypress/runner/cypress_runner.js:144197:19)\n    at onFailFn (http://localhost:55005/__cypress/runner/cypress_runner.js:132448:16)\n    at tryCatcher (http://localhost:55005/__cypress/runner/cypress_runner.js:167415:23)\n    at Promise._settlePromiseFromHandler (http://localhost:55005/__cypress/runner/cypress_runner.js:165351:31)\n    at Promise._settlePromise (http://localhost:55005/__cypress/runner/cypress_runner.js:165408:18)\n    at Promise._settlePromise0 (http://localhost:55005/__cypress/runner/cypress_runner.js:165453:10)\n    at Promise._settlePromises (http://localhost:55005/__cypress/runner/cypress_runner.js:165528:18)\n    at Async../node_modules/bluebird/js/release/async.js.Async._drainQueue (http://localhost:55005/__cypress/runner/cypress_runner.js:162140:16)\n    at Async../node_modules/bluebird/js/release/async.js.Async._drainQueues (http://localhost:55005/__cypress/runner/cypress_runner.js:162150:10)\n    at Async.drainQueues (http://localhost:55005/__cypress/runner/cypress_runner.js:162024:14)",
                "diff": null
              },
              "uuid": "e525d9b9-e619-427f-a8fd-0886a427df64",
              "parentUUID": "1ab3b1ec-8da3-4951-84c3-ff3bdefc2602",
              "isHook": false,
              "skipped": false
            },
            {
              "title": "Verifica se o botão contém o texto 'VQV'",
              "fullTitle": "10 - Faça o quadro de pixels ter seu tamanho definido pelo usuário. Verifica se o botão contém o texto 'VQV'",
              "timedOut": null,
              "duration": 4403,
              "state": "failed",
              "speed": null,
              "pass": false,
              "fail": true,
              "pending": false,
              "context": null,
              "code": "cy.get('#generate-board').contains(/vqv/i);",
              "err": {
                "message": "CypressError: Timed out retrying: Expected to find element: '#generate-board', but never found it.",
                "estack": "CypressError: Timed out retrying: Expected to find element: '#generate-board', but never found it.\n    at cypressErr (http://localhost:55005/__cypress/runner/cypress_runner.js:149934:9)\n    at throwErr (http://localhost:55005/__cypress/runner/cypress_runner.js:149867:11)\n    at Object.throwErrByPath (http://localhost:55005/__cypress/runner/cypress_runner.js:149915:3)\n    at retry (http://localhost:55005/__cypress/runner/cypress_runner.js:144197:19)\n    at onFailFn (http://localhost:55005/__cypress/runner/cypress_runner.js:132448:16)\n    at tryCatcher (http://localhost:55005/__cypress/runner/cypress_runner.js:167415:23)\n    at Promise._settlePromiseFromHandler (http://localhost:55005/__cypress/runner/cypress_runner.js:165351:31)\n    at Promise._settlePromise (http://localhost:55005/__cypress/runner/cypress_runner.js:165408:18)\n    at Promise._settlePromise0 (http://localhost:55005/__cypress/runner/cypress_runner.js:165453:10)\n    at Promise._settlePromises (http://localhost:55005/__cypress/runner/cypress_runner.js:165528:18)\n    at Async../node_modules/bluebird/js/release/async.js.Async._drainQueue (http://localhost:55005/__cypress/runner/cypress_runner.js:162140:16)\n    at Async../node_modules/bluebird/js/release/async.js.Async._drainQueues (http://localhost:55005/__cypress/runner/cypress_runner.js:162150:10)\n    at Async.drainQueues (http://localhost:55005/__cypress/runner/cypress_runner.js:162024:14)",
                "diff": null
              },
              "uuid": "349eee75-bf0f-4cef-945a-25ab0c8deda5",
              "parentUUID": "1ab3b1ec-8da3-4951-84c3-ff3bdefc2602",
              "isHook": false,
              "skipped": false
            },
            {
              "title": "Verifica se o input está posicionado entre a paleta de cores e o quadro de pixels",
              "fullTitle": "10 - Faça o quadro de pixels ter seu tamanho definido pelo usuário. Verifica se o input está posicionado entre a paleta de cores e o quadro de pixels",
              "timedOut": null,
              "duration": 4408,
              "state": "failed",
              "speed": null,
              "pass": false,
              "fail": true,
              "pending": false,
              "context": null,
              "code": "cy.get('#color-palette').then(function (palette) {\n  cy.get('#board-size').should('be.belowOf', palette);\n});\ncy.get('#board-size').then(function (palette) {\n  cy.get('#pixel-board').should('be.belowOf', palette);\n});",
              "err": {
                "message": "CypressError: Timed out retrying: Expected to find element: '#board-size', but never found it.",
                "estack": "CypressError: Timed out retrying: Expected to find element: '#board-size', but never found it.\n    at cypressErr (http://localhost:55005/__cypress/runner/cypress_runner.js:149934:9)\n    at throwErr (http://localhost:55005/__cypress/runner/cypress_runner.js:149867:11)\n    at Object.throwErrByPath (http://localhost:55005/__cypress/runner/cypress_runner.js:149915:3)\n    at retry (http://localhost:55005/__cypress/runner/cypress_runner.js:144197:19)\n    at onFailFn (http://localhost:55005/__cypress/runner/cypress_runner.js:132448:16)\n    at tryCatcher (http://localhost:55005/__cypress/runner/cypress_runner.js:167415:23)\n    at Promise._settlePromiseFromHandler (http://localhost:55005/__cypress/runner/cypress_runner.js:165351:31)\n    at Promise._settlePromise (http://localhost:55005/__cypress/runner/cypress_runner.js:165408:18)\n    at Promise._settlePromise0 (http://localhost:55005/__cypress/runner/cypress_runner.js:165453:10)\n    at Promise._settlePromises (http://localhost:55005/__cypress/runner/cypress_runner.js:165528:18)\n    at Async../node_modules/bluebird/js/release/async.js.Async._drainQueue (http://localhost:55005/__cypress/runner/cypress_runner.js:162140:16)\n    at Async../node_modules/bluebird/js/release/async.js.Async._drainQueues (http://localhost:55005/__cypress/runner/cypress_runner.js:162150:10)\n    at Async.drainQueues (http://localhost:55005/__cypress/runner/cypress_runner.js:162024:14)",
                "diff": null
              },
              "uuid": "637d643a-00c6-4b81-a244-0c9037e7dffa",
              "parentUUID": "1ab3b1ec-8da3-4951-84c3-ff3bdefc2602",
              "isHook": false,
              "skipped": false
            },
            {
              "title": "Verifica se o botão está posicionado ao lado do input",
              "fullTitle": "10 - Faça o quadro de pixels ter seu tamanho definido pelo usuário. Verifica se o botão está posicionado ao lado do input",
              "timedOut": null,
              "duration": 4393,
              "state": "failed",
              "speed": null,
              "pass": false,
              "fail": true,
              "pending": false,
              "context": null,
              "code": "cy.get('#board-size').then(function (board) {\n  cy.get('#generate-board').should('be.onTheRightOf', board);\n});",
              "err": {
                "message": "CypressError: Timed out retrying: Expected to find element: '#board-size', but never found it.",
                "estack": "CypressError: Timed out retrying: Expected to find element: '#board-size', but never found it.\n    at cypressErr (http://localhost:55005/__cypress/runner/cypress_runner.js:149934:9)\n    at throwErr (http://localhost:55005/__cypress/runner/cypress_runner.js:149867:11)\n    at Object.throwErrByPath (http://localhost:55005/__cypress/runner/cypress_runner.js:149915:3)\n    at retry (http://localhost:55005/__cypress/runner/cypress_runner.js:144197:19)\n    at onFailFn (http://localhost:55005/__cypress/runner/cypress_runner.js:132448:16)\n    at tryCatcher (http://localhost:55005/__cypress/runner/cypress_runner.js:167415:23)\n    at Promise._settlePromiseFromHandler (http://localhost:55005/__cypress/runner/cypress_runner.js:165351:31)\n    at Promise._settlePromise (http://localhost:55005/__cypress/runner/cypress_runner.js:165408:18)\n    at Promise._settlePromise0 (http://localhost:55005/__cypress/runner/cypress_runner.js:165453:10)\n    at Promise._settlePromises (http://localhost:55005/__cypress/runner/cypress_runner.js:165528:18)\n    at Async../node_modules/bluebird/js/release/async.js.Async._drainQueue (http://localhost:55005/__cypress/runner/cypress_runner.js:162140:16)\n    at Async../node_modules/bluebird/js/release/async.js.Async._drainQueues (http://localhost:55005/__cypress/runner/cypress_runner.js:162150:10)\n    at Async.drainQueues (http://localhost:55005/__cypress/runner/cypress_runner.js:162024:14)",
                "diff": null
              },
              "uuid": "6f2d815d-6cd7-479a-8a29-16fa1f6de551",
              "parentUUID": "1ab3b1ec-8da3-4951-84c3-ff3bdefc2602",
              "isHook": false,
              "skipped": false
            },
            {
              "title": "Verifica se nenhum valor for colocado no input ao clicar no botão, um `alert` é exibido com o texto: 'Board inválido!'",
              "fullTitle": "10 - Faça o quadro de pixels ter seu tamanho definido pelo usuário. Verifica se nenhum valor for colocado no input ao clicar no botão, um `alert` é exibido com o texto: 'Board inválido!'",
              "timedOut": null,
              "duration": 4434,
              "state": "failed",
              "speed": null,
              "pass": false,
              "fail": true,
              "pending": false,
              "context": null,
              "code": "var alerted = false;\ncy.on('window:alert', function (msg) {\n  return alerted = msg;\n});\ncy.get('#generate-board').click().then(function () {\n  return expect(alerted).to.match(/Board inválido!/i);\n});",
              "err": {
                "message": "CypressError: Timed out retrying: Expected to find element: '#generate-board', but never found it.",
                "estack": "CypressError: Timed out retrying: Expected to find element: '#generate-board', but never found it.\n    at cypressErr (http://localhost:55005/__cypress/runner/cypress_runner.js:149934:9)\n    at throwErr (http://localhost:55005/__cypress/runner/cypress_runner.js:149867:11)\n    at Object.throwErrByPath (http://localhost:55005/__cypress/runner/cypress_runner.js:149915:3)\n    at retry (http://localhost:55005/__cypress/runner/cypress_runner.js:144197:19)\n    at onFailFn (http://localhost:55005/__cypress/runner/cypress_runner.js:132448:16)\n    at tryCatcher (http://localhost:55005/__cypress/runner/cypress_runner.js:167415:23)\n    at Promise._settlePromiseFromHandler (http://localhost:55005/__cypress/runner/cypress_runner.js:165351:31)\n    at Promise._settlePromise (http://localhost:55005/__cypress/runner/cypress_runner.js:165408:18)\n    at Promise._settlePromise0 (http://localhost:55005/__cypress/runner/cypress_runner.js:165453:10)\n    at Promise._settlePromises (http://localhost:55005/__cypress/runner/cypress_runner.js:165528:18)\n    at Async../node_modules/bluebird/js/release/async.js.Async._drainQueue (http://localhost:55005/__cypress/runner/cypress_runner.js:162140:16)\n    at Async../node_modules/bluebird/js/release/async.js.Async._drainQueues (http://localhost:55005/__cypress/runner/cypress_runner.js:162150:10)\n    at Async.drainQueues (http://localhost:55005/__cypress/runner/cypress_runner.js:162024:14)",
                "diff": null
              },
              "uuid": "527f052c-604f-4a3f-8512-2abeacfe551e",
              "parentUUID": "1ab3b1ec-8da3-4951-84c3-ff3bdefc2602",
              "isHook": false,
              "skipped": false
            },
            {
              "title": "Verifica se ao clicar no botão com um valor preenchido, o tamanho do board muda.",
              "fullTitle": "10 - Faça o quadro de pixels ter seu tamanho definido pelo usuário. Verifica se ao clicar no botão com um valor preenchido, o tamanho do board muda.",
              "timedOut": null,
              "duration": 4391,
              "state": "failed",
              "speed": null,
              "pass": false,
              "fail": true,
              "pending": false,
              "context": null,
              "code": "cy.get('#board-size').clear().type(10);\ncy.get('#generate-board').click();\ncy.get('.pixel').should('have.length', 100);",
              "err": {
                "message": "CypressError: Timed out retrying: Expected to find element: '#board-size', but never found it.",
                "estack": "CypressError: Timed out retrying: Expected to find element: '#board-size', but never found it.\n    at cypressErr (http://localhost:55005/__cypress/runner/cypress_runner.js:149934:9)\n    at throwErr (http://localhost:55005/__cypress/runner/cypress_runner.js:149867:11)\n    at Object.throwErrByPath (http://localhost:55005/__cypress/runner/cypress_runner.js:149915:3)\n    at retry (http://localhost:55005/__cypress/runner/cypress_runner.js:144197:19)\n    at onFailFn (http://localhost:55005/__cypress/runner/cypress_runner.js:132448:16)\n    at tryCatcher (http://localhost:55005/__cypress/runner/cypress_runner.js:167415:23)\n    at Promise._settlePromiseFromHandler (http://localhost:55005/__cypress/runner/cypress_runner.js:165351:31)\n    at Promise._settlePromise (http://localhost:55005/__cypress/runner/cypress_runner.js:165408:18)\n    at Promise._settlePromise0 (http://localhost:55005/__cypress/runner/cypress_runner.js:165453:10)\n    at Promise._settlePromises (http://localhost:55005/__cypress/runner/cypress_runner.js:165528:18)\n    at Async../node_modules/bluebird/js/release/async.js.Async._drainQueue (http://localhost:55005/__cypress/runner/cypress_runner.js:162140:16)\n    at Async../node_modules/bluebird/js/release/async.js.Async._drainQueues (http://localhost:55005/__cypress/runner/cypress_runner.js:162150:10)\n    at Async.drainQueues (http://localhost:55005/__cypress/runner/cypress_runner.js:162024:14)",
                "diff": null
              },
              "uuid": "dfb7a4b2-b065-4985-a5e7-3b57812b3250",
              "parentUUID": "1ab3b1ec-8da3-4951-84c3-ff3bdefc2602",
              "isHook": false,
              "skipped": false
            },
            {
              "title": "Verifica se o novo quadro tem todos os pixels preenchidos com a cor branca",
              "fullTitle": "10 - Faça o quadro de pixels ter seu tamanho definido pelo usuário. Verifica se o novo quadro tem todos os pixels preenchidos com a cor branca",
              "timedOut": null,
              "duration": 4492,
              "state": "failed",
              "speed": null,
              "pass": false,
              "fail": true,
              "pending": false,
              "context": null,
              "code": "cy.get('#board-size').clear().type(6);\ncy.get('#generate-board').click();\ncy.get('.pixel').should('have.length', 36).each(function (pixel) {\n  expect(pixel).to.have.css('background-color', WHITE);\n});",
              "err": {
                "message": "CypressError: Timed out retrying: Expected to find element: '#board-size', but never found it.",
                "estack": "CypressError: Timed out retrying: Expected to find element: '#board-size', but never found it.\n    at cypressErr (http://localhost:55005/__cypress/runner/cypress_runner.js:149934:9)\n    at throwErr (http://localhost:55005/__cypress/runner/cypress_runner.js:149867:11)\n    at Object.throwErrByPath (http://localhost:55005/__cypress/runner/cypress_runner.js:149915:3)\n    at retry (http://localhost:55005/__cypress/runner/cypress_runner.js:144197:19)\n    at onFailFn (http://localhost:55005/__cypress/runner/cypress_runner.js:132448:16)\n    at tryCatcher (http://localhost:55005/__cypress/runner/cypress_runner.js:167415:23)\n    at Promise._settlePromiseFromHandler (http://localhost:55005/__cypress/runner/cypress_runner.js:165351:31)\n    at Promise._settlePromise (http://localhost:55005/__cypress/runner/cypress_runner.js:165408:18)\n    at Promise._settlePromise0 (http://localhost:55005/__cypress/runner/cypress_runner.js:165453:10)\n    at Promise._settlePromises (http://localhost:55005/__cypress/runner/cypress_runner.js:165528:18)\n    at Async../node_modules/bluebird/js/release/async.js.Async._drainQueue (http://localhost:55005/__cypress/runner/cypress_runner.js:162140:16)\n    at Async../node_modules/bluebird/js/release/async.js.Async._drainQueues (http://localhost:55005/__cypress/runner/cypress_runner.js:162150:10)\n    at Async.drainQueues (http://localhost:55005/__cypress/runner/cypress_runner.js:162024:14)",
                "diff": null
              },
              "uuid": "b8adc574-5b66-4e42-99a2-a8103973e353",
              "parentUUID": "1ab3b1ec-8da3-4951-84c3-ff3bdefc2602",
              "isHook": false,
              "skipped": false
            }
          ],
          "suites": [],
          "passes": [],
          "failures": [
            "9437b25e-cc1e-43e3-a8dc-77ad06cd6d6d",
            "52262c31-cfc9-467b-91a8-29fbcab4cdba",
            "e525d9b9-e619-427f-a8fd-0886a427df64",
            "349eee75-bf0f-4cef-945a-25ab0c8deda5",
            "637d643a-00c6-4b81-a244-0c9037e7dffa",
            "6f2d815d-6cd7-479a-8a29-16fa1f6de551",
            "527f052c-604f-4a3f-8512-2abeacfe551e",
            "dfb7a4b2-b065-4985-a5e7-3b57812b3250",
            "b8adc574-5b66-4e42-99a2-a8103973e353"
          ],
          "pending": [],
          "skipped": [],
          "duration": 39805,
          "root": false,
          "rootEmpty": false,
          "_timeout": 2000
        },
        {
          "uuid": "9e9c4c63-e784-47d6-bc4d-9fa7f5c7b57d",
          "title": "11 - Limite o tamanho mínimo e máximo do board.",
          "fullFile": "",
          "file": "",
          "beforeHooks": [],
          "afterHooks": [],
          "tests": [
            {
              "title": "Verifica se a altura máxima do board é 50",
              "fullTitle": "11 - Limite o tamanho mínimo e máximo do board. Verifica se a altura máxima do board é 50",
              "timedOut": null,
              "duration": 4402,
              "state": "failed",
              "speed": null,
              "pass": false,
              "fail": true,
              "pending": false,
              "context": null,
              "code": "cy.get('#board-size').clear().type(50);\ncy.get('#generate-board').click();\ncy.get('.pixel').should('have.length', 2500);",
              "err": {
                "message": "CypressError: Timed out retrying: Expected to find element: '#board-size', but never found it.",
                "estack": "CypressError: Timed out retrying: Expected to find element: '#board-size', but never found it.\n    at cypressErr (http://localhost:55005/__cypress/runner/cypress_runner.js:149934:9)\n    at throwErr (http://localhost:55005/__cypress/runner/cypress_runner.js:149867:11)\n    at Object.throwErrByPath (http://localhost:55005/__cypress/runner/cypress_runner.js:149915:3)\n    at retry (http://localhost:55005/__cypress/runner/cypress_runner.js:144197:19)\n    at onFailFn (http://localhost:55005/__cypress/runner/cypress_runner.js:132448:16)\n    at tryCatcher (http://localhost:55005/__cypress/runner/cypress_runner.js:167415:23)\n    at Promise._settlePromiseFromHandler (http://localhost:55005/__cypress/runner/cypress_runner.js:165351:31)\n    at Promise._settlePromise (http://localhost:55005/__cypress/runner/cypress_runner.js:165408:18)\n    at Promise._settlePromise0 (http://localhost:55005/__cypress/runner/cypress_runner.js:165453:10)\n    at Promise._settlePromises (http://localhost:55005/__cypress/runner/cypress_runner.js:165528:18)\n    at Async../node_modules/bluebird/js/release/async.js.Async._drainQueue (http://localhost:55005/__cypress/runner/cypress_runner.js:162140:16)\n    at Async../node_modules/bluebird/js/release/async.js.Async._drainQueues (http://localhost:55005/__cypress/runner/cypress_runner.js:162150:10)\n    at Async.drainQueues (http://localhost:55005/__cypress/runner/cypress_runner.js:162024:14)",
                "diff": null
              },
              "uuid": "fff67e48-3ff5-4304-bc2e-2f6bc51719d3",
              "parentUUID": "9e9c4c63-e784-47d6-bc4d-9fa7f5c7b57d",
              "isHook": false,
              "skipped": false
            },
            {
              "title": "Verifica se a altura do board é 5 quando um valor menor é colocado no input",
              "fullTitle": "11 - Limite o tamanho mínimo e máximo do board. Verifica se a altura do board é 5 quando um valor menor é colocado no input",
              "timedOut": null,
              "duration": 4415,
              "state": "failed",
              "speed": null,
              "pass": false,
              "fail": true,
              "pending": false,
              "context": null,
              "code": "cy.get('#board-size').clear().type(4);\ncy.get('#generate-board').click();\ncy.get('.pixel').should('have.length', 25);",
              "err": {
                "message": "CypressError: Timed out retrying: Expected to find element: '#board-size', but never found it.",
                "estack": "CypressError: Timed out retrying: Expected to find element: '#board-size', but never found it.\n    at cypressErr (http://localhost:55005/__cypress/runner/cypress_runner.js:149934:9)\n    at throwErr (http://localhost:55005/__cypress/runner/cypress_runner.js:149867:11)\n    at Object.throwErrByPath (http://localhost:55005/__cypress/runner/cypress_runner.js:149915:3)\n    at retry (http://localhost:55005/__cypress/runner/cypress_runner.js:144197:19)\n    at onFailFn (http://localhost:55005/__cypress/runner/cypress_runner.js:132448:16)\n    at tryCatcher (http://localhost:55005/__cypress/runner/cypress_runner.js:167415:23)\n    at Promise._settlePromiseFromHandler (http://localhost:55005/__cypress/runner/cypress_runner.js:165351:31)\n    at Promise._settlePromise (http://localhost:55005/__cypress/runner/cypress_runner.js:165408:18)\n    at Promise._settlePromise0 (http://localhost:55005/__cypress/runner/cypress_runner.js:165453:10)\n    at Promise._settlePromises (http://localhost:55005/__cypress/runner/cypress_runner.js:165528:18)\n    at Async../node_modules/bluebird/js/release/async.js.Async._drainQueue (http://localhost:55005/__cypress/runner/cypress_runner.js:162140:16)\n    at Async../node_modules/bluebird/js/release/async.js.Async._drainQueues (http://localhost:55005/__cypress/runner/cypress_runner.js:162150:10)\n    at Async.drainQueues (http://localhost:55005/__cypress/runner/cypress_runner.js:162024:14)",
                "diff": null
              },
              "uuid": "9a934f7e-1479-4806-bfef-fdb5767c7201",
              "parentUUID": "9e9c4c63-e784-47d6-bc4d-9fa7f5c7b57d",
              "isHook": false,
              "skipped": false
            },
            {
              "title": "Verifica se a altura do board é 50 quando um valor maior é colocado no input",
              "fullTitle": "11 - Limite o tamanho mínimo e máximo do board. Verifica se a altura do board é 50 quando um valor maior é colocado no input",
              "timedOut": null,
              "duration": 4421,
              "state": "failed",
              "speed": null,
              "pass": false,
              "fail": true,
              "pending": false,
              "context": null,
              "code": "cy.get('#board-size').clear().type(51);\ncy.get('#generate-board').click();\ncy.get('.pixel').should('have.length', 2500);",
              "err": {
                "message": "CypressError: Timed out retrying: Expected to find element: '#board-size', but never found it.",
                "estack": "CypressError: Timed out retrying: Expected to find element: '#board-size', but never found it.\n    at cypressErr (http://localhost:55005/__cypress/runner/cypress_runner.js:149934:9)\n    at throwErr (http://localhost:55005/__cypress/runner/cypress_runner.js:149867:11)\n    at Object.throwErrByPath (http://localhost:55005/__cypress/runner/cypress_runner.js:149915:3)\n    at retry (http://localhost:55005/__cypress/runner/cypress_runner.js:144197:19)\n    at onFailFn (http://localhost:55005/__cypress/runner/cypress_runner.js:132448:16)\n    at tryCatcher (http://localhost:55005/__cypress/runner/cypress_runner.js:167415:23)\n    at Promise._settlePromiseFromHandler (http://localhost:55005/__cypress/runner/cypress_runner.js:165351:31)\n    at Promise._settlePromise (http://localhost:55005/__cypress/runner/cypress_runner.js:165408:18)\n    at Promise._settlePromise0 (http://localhost:55005/__cypress/runner/cypress_runner.js:165453:10)\n    at Promise._settlePromises (http://localhost:55005/__cypress/runner/cypress_runner.js:165528:18)\n    at Async../node_modules/bluebird/js/release/async.js.Async._drainQueue (http://localhost:55005/__cypress/runner/cypress_runner.js:162140:16)\n    at Async../node_modules/bluebird/js/release/async.js.Async._drainQueues (http://localhost:55005/__cypress/runner/cypress_runner.js:162150:10)\n    at Async.drainQueues (http://localhost:55005/__cypress/runner/cypress_runner.js:162024:14)",
                "diff": null
              },
              "uuid": "f6678831-9760-4cba-9a21-f2429faa2c17",
              "parentUUID": "9e9c4c63-e784-47d6-bc4d-9fa7f5c7b57d",
              "isHook": false,
              "skipped": false
            }
          ],
          "suites": [],
          "passes": [],
          "failures": [
            "fff67e48-3ff5-4304-bc2e-2f6bc51719d3",
            "9a934f7e-1479-4806-bfef-fdb5767c7201",
            "f6678831-9760-4cba-9a21-f2429faa2c17"
          ],
          "pending": [],
          "skipped": [],
          "duration": 13238,
          "root": false,
          "rootEmpty": false,
          "_timeout": 2000
        },
        {
          "uuid": "8b135619-09e6-4352-b8d4-6cc852658c39",
          "title": "12 - Faça com que as cores da paleta sejam geradas aleatoriamente ao carregar a página.",
          "fullFile": "",
          "file": "",
          "beforeHooks": [],
          "afterHooks": [],
          "tests": [
            {
              "title": "Verifica se as cores geradas na paleta são diferentes a cada carregamento da página",
              "fullTitle": "12 - Faça com que as cores da paleta sejam geradas aleatoriamente ao carregar a página. Verifica se as cores geradas na paleta são diferentes a cada carregamento da página",
              "timedOut": null,
              "duration": 597,
              "state": "failed",
              "speed": null,
              "pass": false,
              "fail": true,
              "pending": false,
              "context": null,
              "code": "cy.get('.color').then(function (colors) {\n  var currentColors;\n  var previousColors;\n  previousColors = Array.from(colors).map(function (color) {\n    return Cypress.$(color).css('background-color');\n  });\n  for (var i = 0; i < 5; i += 1) {\n    cy.reload();\n    cy.get('.color').then(function (colors) {\n      currentColors = Array.from(colors).map(function (color) {\n        return Cypress.$(color).css('background-color');\n      });\n      expect(currentColors).not.to.deep.equal(previousColors);\n      previousColors = currentColors;\n    });\n  }\n});",
              "err": {
                "message": "AssertionError: expected [ Array(4) ] to not deeply equal [ Array(4) ]",
                "estack": "AssertionError: expected [ Array(4) ] to not deeply equal [ Array(4) ]\n    at getRet (http://localhost:55005/__cypress/runner/cypress_runner.js:136585:16)\n    at tryCatcher (http://localhost:55005/__cypress/runner/cypress_runner.js:167415:23)\n    at Function.Promise.attempt.Promise.try (http://localhost:55005/__cypress/runner/cypress_runner.js:164690:29)\n    at Context.thenFn (http://localhost:55005/__cypress/runner/cypress_runner.js:136599:23)\n    at Context.then (http://localhost:55005/__cypress/runner/cypress_runner.js:136971:21)\n    at Context.<anonymous> (http://localhost:55005/__cypress/runner/cypress_runner.js:148875:21)\n    at http://localhost:55005/__cypress/runner/cypress_runner.js:148351:33\n    at tryCatcher (http://localhost:55005/__cypress/runner/cypress_runner.js:167415:23)\n    at Promise._settlePromiseFromHandler (http://localhost:55005/__cypress/runner/cypress_runner.js:165351:31)\n    at Promise._settlePromise (http://localhost:55005/__cypress/runner/cypress_runner.js:165408:18)\n    at Promise._settlePromiseCtx (http://localhost:55005/__cypress/runner/cypress_runner.js:165445:10)\n    at Async../node_modules/bluebird/js/release/async.js.Async._drainQueue (http://localhost:55005/__cypress/runner/cypress_runner.js:162145:12)\n    at Async../node_modules/bluebird/js/release/async.js.Async._drainQueues (http://localhost:55005/__cypress/runner/cypress_runner.js:162150:10)\n    at Async.drainQueues (http://localhost:55005/__cypress/runner/cypress_runner.js:162024:14)",
                "diff": ""
              },
              "uuid": "4d9cc120-be16-4f56-a5c8-4348bf1e1412",
              "parentUUID": "8b135619-09e6-4352-b8d4-6cc852658c39",
              "isHook": false,
              "skipped": false
            },
            {
              "title": "Verifica se a cor preta ainda está presente e é a primeira na sua paleta de cores",
              "fullTitle": "12 - Faça com que as cores da paleta sejam geradas aleatoriamente ao carregar a página. Verifica se a cor preta ainda está presente e é a primeira na sua paleta de cores",
              "timedOut": null,
              "duration": 503,
              "state": "failed",
              "speed": null,
              "pass": false,
              "fail": true,
              "pending": false,
              "context": null,
              "code": "cy.get('.color').then(function (colors) {\n  var currentColors;\n  var previousColors;\n  previousColors = Array.from(colors).map(function (color) {\n    return Cypress.$(color).css('background-color');\n  });\n  expect(previousColors[0]).to.eq(BLACK);\n  for (var i = 0; i < 5; i += 1) {\n    cy.reload();\n    cy.get('.color').then(function (colors) {\n      currentColors = Array.from(colors).map(function (color) {\n        return Cypress.$(color).css('background-color');\n      });\n      expect(currentColors[0]).to.eq(BLACK);\n      expect(currentColors).not.to.deep.equal(previousColors);\n      previousColors = currentColors;\n    });\n  }\n});",
              "err": {
                "message": "AssertionError: expected [ Array(4) ] to not deeply equal [ Array(4) ]",
                "estack": "AssertionError: expected [ Array(4) ] to not deeply equal [ Array(4) ]\n    at getRet (http://localhost:55005/__cypress/runner/cypress_runner.js:136585:16)\n    at tryCatcher (http://localhost:55005/__cypress/runner/cypress_runner.js:167415:23)\n    at Function.Promise.attempt.Promise.try (http://localhost:55005/__cypress/runner/cypress_runner.js:164690:29)\n    at Context.thenFn (http://localhost:55005/__cypress/runner/cypress_runner.js:136599:23)\n    at Context.then (http://localhost:55005/__cypress/runner/cypress_runner.js:136971:21)\n    at Context.<anonymous> (http://localhost:55005/__cypress/runner/cypress_runner.js:148875:21)\n    at http://localhost:55005/__cypress/runner/cypress_runner.js:148351:33\n    at tryCatcher (http://localhost:55005/__cypress/runner/cypress_runner.js:167415:23)\n    at Promise._settlePromiseFromHandler (http://localhost:55005/__cypress/runner/cypress_runner.js:165351:31)\n    at Promise._settlePromise (http://localhost:55005/__cypress/runner/cypress_runner.js:165408:18)\n    at Promise._settlePromiseCtx (http://localhost:55005/__cypress/runner/cypress_runner.js:165445:10)\n    at Async../node_modules/bluebird/js/release/async.js.Async._drainQueue (http://localhost:55005/__cypress/runner/cypress_runner.js:162145:12)\n    at Async../node_modules/bluebird/js/release/async.js.Async._drainQueues (http://localhost:55005/__cypress/runner/cypress_runner.js:162150:10)\n    at Async.drainQueues (http://localhost:55005/__cypress/runner/cypress_runner.js:162024:14)",
                "diff": ""
              },
              "uuid": "b1cc61ab-6d43-4a93-8cfe-62c70b632303",
              "parentUUID": "8b135619-09e6-4352-b8d4-6cc852658c39",
              "isHook": false,
              "skipped": false
            }
          ],
          "suites": [],
          "passes": [],
          "failures": [
            "4d9cc120-be16-4f56-a5c8-4348bf1e1412",
            "b1cc61ab-6d43-4a93-8cfe-62c70b632303"
          ],
          "pending": [],
          "skipped": [],
          "duration": 1100,
          "root": false,
          "rootEmpty": false,
          "_timeout": 2000
        }
      ],
      "passes": [],
      "failures": [],
      "pending": [],
      "skipped": [],
      "duration": 0,
      "root": true,
      "rootEmpty": true,
      "_timeout": 2000
    }
  ],
  "meta": {
    "mocha": {
      "version": "7.0.1"
    },
    "mochawesome": {
      "options": {
        "quiet": false,
        "reportFilename": "mochawesome",
        "saveHtml": false,
        "saveJson": true,
        "consoleReporter": "spec",
        "useInlineDiffs": false
      },
      "version": "4.1.0"
    },
    "marge": {
      "options": {
        "id": "default",
        "reportDir": "cypress/reports",
        "overwrite": true,
        "html": false,
        "json": true
      },
      "version": "4.1.0"
    }
  }
}